0 info it worked if it ends with ok
1 verbose cli [ 'C:\\Program Files\\nodejs\\node.exe',
1 verbose cli   'C:\\Program Files\\nodejs\\node_modules\\npm\\bin\\npm-cli.js',
1 verbose cli   'install' ]
2 info using npm@2.14.12
3 info using node@v4.3.0
4 verbose readDependencies loading dependencies from d:\work\VSCode\Projects\SMSPro\package.json
5 warn package.json angular2-quickstart@1.0.0 No description
6 warn package.json angular2-quickstart@1.0.0 No repository field.
7 warn package.json angular2-quickstart@1.0.0 No README data
8 warn package.json Dependency 'gulp' exists in both dependencies and devDependencies, using 'gulp@^3.9.1' from dependencies
9 verbose install where, deps [ 'd:\\work\\VSCode\\Projects\\SMSPro',
9 verbose install   [ 'angular2',
9 verbose install     'es6-promise',
9 verbose install     'es6-shim',
9 verbose install     'gulp',
9 verbose install     'reflect-metadata',
9 verbose install     'rxjs',
9 verbose install     'systemjs',
9 verbose install     'zone.js',
9 verbose install     'jquery',
9 verbose install     'bootstrap',
9 verbose install     'concurrently',
9 verbose install     'lite-server',
9 verbose install     'typescript',
9 verbose install     'typings',
9 verbose install     'less',
9 verbose install     'gulp-debug',
9 verbose install     'gulp-less',
9 verbose install     'gulp-watch',
9 verbose install     'gulp-less-sourcemap' ] ]
10 verbose install where, peers [ 'd:\\work\\VSCode\\Projects\\SMSPro', [] ]
11 verbose installManyTop reading for lifecycle d:\work\VSCode\Projects\SMSPro\package.json
12 info preinstall angular2-quickstart@1.0.0
13 verbose installManyTop reading scoped package data from d:\work\VSCode\Projects\SMSPro\node_modules\angular2\package.json
14 verbose installManyTop reading scoped package data from d:\work\VSCode\Projects\SMSPro\node_modules\bootstrap\package.json
15 verbose installManyTop reading scoped package data from d:\work\VSCode\Projects\SMSPro\node_modules\concurrently\package.json
16 verbose installManyTop reading scoped package data from d:\work\VSCode\Projects\SMSPro\node_modules\es6-promise\package.json
17 verbose installManyTop reading scoped package data from d:\work\VSCode\Projects\SMSPro\node_modules\es6-shim\package.json
18 verbose installManyTop reading scoped package data from d:\work\VSCode\Projects\SMSPro\node_modules\gulp\package.json
19 verbose installManyTop reading scoped package data from d:\work\VSCode\Projects\SMSPro\node_modules\gulp-debug\package.json
20 verbose installManyTop reading scoped package data from d:\work\VSCode\Projects\SMSPro\node_modules\gulp-less\package.json
21 verbose installManyTop reading scoped package data from d:\work\VSCode\Projects\SMSPro\node_modules\gulp-less-sourcemap\package.json
22 verbose installManyTop reading scoped package data from d:\work\VSCode\Projects\SMSPro\node_modules\gulp-tsc\package.json
23 verbose installManyTop reading scoped package data from d:\work\VSCode\Projects\SMSPro\node_modules\gulp-watch\package.json
24 verbose installManyTop reading scoped package data from d:\work\VSCode\Projects\SMSPro\node_modules\jquery\package.json
25 verbose installManyTop reading scoped package data from d:\work\VSCode\Projects\SMSPro\node_modules\less\package.json
26 verbose installManyTop reading scoped package data from d:\work\VSCode\Projects\SMSPro\node_modules\lite-server\package.json
27 verbose installManyTop reading scoped package data from d:\work\VSCode\Projects\SMSPro\node_modules\reflect-metadata\package.json
28 verbose installManyTop reading scoped package data from d:\work\VSCode\Projects\SMSPro\node_modules\rxjs\package.json
29 verbose installManyTop reading scoped package data from d:\work\VSCode\Projects\SMSPro\node_modules\systemjs\package.json
30 verbose installManyTop reading scoped package data from d:\work\VSCode\Projects\SMSPro\node_modules\tsc\package.json
31 verbose installManyTop reading scoped package data from d:\work\VSCode\Projects\SMSPro\node_modules\typescript\package.json
32 verbose installManyTop reading scoped package data from d:\work\VSCode\Projects\SMSPro\node_modules\typings\package.json
33 verbose installManyTop reading scoped package data from d:\work\VSCode\Projects\SMSPro\node_modules\zone.js\package.json
34 verbose readDependencies loading dependencies from d:\work\VSCode\Projects\SMSPro\package.json
35 verbose targetResolver reading package data from d:\work\VSCode\Projects\SMSPro\node_modules\angular2\package.json
36 verbose targetResolver reading package data from d:\work\VSCode\Projects\SMSPro\node_modules\bootstrap\package.json
37 verbose targetResolver reading package data from d:\work\VSCode\Projects\SMSPro\node_modules\concurrently\package.json
38 verbose targetResolver reading package data from d:\work\VSCode\Projects\SMSPro\node_modules\es6-promise\package.json
39 verbose targetResolver reading package data from d:\work\VSCode\Projects\SMSPro\node_modules\es6-shim\package.json
40 verbose targetResolver reading package data from d:\work\VSCode\Projects\SMSPro\node_modules\gulp\package.json
41 verbose targetResolver reading package data from d:\work\VSCode\Projects\SMSPro\node_modules\gulp-debug\package.json
42 verbose targetResolver reading package data from d:\work\VSCode\Projects\SMSPro\node_modules\gulp-less\package.json
43 verbose targetResolver reading package data from d:\work\VSCode\Projects\SMSPro\node_modules\gulp-less-sourcemap\package.json
44 verbose targetResolver reading package data from d:\work\VSCode\Projects\SMSPro\node_modules\gulp-tsc\package.json
45 verbose targetResolver reading package data from d:\work\VSCode\Projects\SMSPro\node_modules\gulp-watch\package.json
46 verbose targetResolver reading package data from d:\work\VSCode\Projects\SMSPro\node_modules\jquery\package.json
47 verbose targetResolver reading package data from d:\work\VSCode\Projects\SMSPro\node_modules\less\package.json
48 verbose targetResolver reading package data from d:\work\VSCode\Projects\SMSPro\node_modules\lite-server\package.json
49 verbose targetResolver reading package data from d:\work\VSCode\Projects\SMSPro\node_modules\reflect-metadata\package.json
50 verbose targetResolver reading package data from d:\work\VSCode\Projects\SMSPro\node_modules\rxjs\package.json
51 verbose targetResolver reading package data from d:\work\VSCode\Projects\SMSPro\node_modules\systemjs\package.json
52 verbose targetResolver reading package data from d:\work\VSCode\Projects\SMSPro\node_modules\tsc\package.json
53 verbose targetResolver reading package data from d:\work\VSCode\Projects\SMSPro\node_modules\typescript\package.json
54 verbose targetResolver reading package data from d:\work\VSCode\Projects\SMSPro\node_modules\typings\package.json
55 verbose targetResolver reading package data from d:\work\VSCode\Projects\SMSPro\node_modules\zone.js\package.json
56 verbose targetResolver reading package data from d:\work\VSCode\Projects\SMSPro\node_modules\.bin\concurrent\package.json
57 verbose targetResolver reading package data from d:\work\VSCode\Projects\SMSPro\node_modules\.bin\concurrent.cmd\package.json
58 verbose targetResolver reading package data from d:\work\VSCode\Projects\SMSPro\node_modules\.bin\gulp\package.json
59 verbose targetResolver reading package data from d:\work\VSCode\Projects\SMSPro\node_modules\.bin\gulp.cmd\package.json
60 verbose targetResolver reading package data from d:\work\VSCode\Projects\SMSPro\node_modules\.bin\lessc\package.json
61 verbose targetResolver reading package data from d:\work\VSCode\Projects\SMSPro\node_modules\.bin\lessc.cmd\package.json
62 verbose targetResolver reading package data from d:\work\VSCode\Projects\SMSPro\node_modules\.bin\lite-server\package.json
63 verbose targetResolver reading package data from d:\work\VSCode\Projects\SMSPro\node_modules\.bin\lite-server.cmd\package.json
64 verbose targetResolver reading package data from d:\work\VSCode\Projects\SMSPro\node_modules\.bin\tsc\package.json
65 verbose targetResolver reading package data from d:\work\VSCode\Projects\SMSPro\node_modules\.bin\tsc.cmd\package.json
66 verbose targetResolver reading package data from d:\work\VSCode\Projects\SMSPro\node_modules\.bin\tsserver\package.json
67 verbose targetResolver reading package data from d:\work\VSCode\Projects\SMSPro\node_modules\.bin\tsserver.cmd\package.json
68 verbose targetResolver reading package data from d:\work\VSCode\Projects\SMSPro\node_modules\.bin\typings\package.json
69 verbose targetResolver reading package data from d:\work\VSCode\Projects\SMSPro\node_modules\.bin\typings.cmd\package.json
70 verbose already installed skipping angular2@^2.0.0-beta.11 d:\work\VSCode\Projects\SMSPro
71 verbose already installed skipping es6-promise@^3.1.2 d:\work\VSCode\Projects\SMSPro
72 verbose already installed skipping es6-shim@^0.35.0 d:\work\VSCode\Projects\SMSPro
73 verbose already installed skipping gulp@^3.9.1 d:\work\VSCode\Projects\SMSPro
74 verbose already installed skipping reflect-metadata@^0.1.3 d:\work\VSCode\Projects\SMSPro
75 verbose already installed skipping rxjs@^5.0.0-beta.3 d:\work\VSCode\Projects\SMSPro
76 verbose already installed skipping systemjs@^0.19.24 d:\work\VSCode\Projects\SMSPro
77 verbose already installed skipping zone.js@^0.6.5 d:\work\VSCode\Projects\SMSPro
78 verbose already installed skipping jquery@^2.2.2 d:\work\VSCode\Projects\SMSPro
79 verbose already installed skipping bootstrap@^3.3.6 d:\work\VSCode\Projects\SMSPro
80 verbose already installed skipping concurrently@^1.0.0 d:\work\VSCode\Projects\SMSPro
81 verbose already installed skipping lite-server@^2.1.0 d:\work\VSCode\Projects\SMSPro
82 verbose already installed skipping typescript@^1.7.5 d:\work\VSCode\Projects\SMSPro
83 verbose already installed skipping typings@^0.6.8 d:\work\VSCode\Projects\SMSPro
84 verbose already installed skipping less@^2.6.0 d:\work\VSCode\Projects\SMSPro
85 verbose already installed skipping gulp-debug@^2.1.2 d:\work\VSCode\Projects\SMSPro
86 verbose already installed skipping gulp-less@^3.0.5 d:\work\VSCode\Projects\SMSPro
87 verbose already installed skipping gulp-watch@^4.3.5 d:\work\VSCode\Projects\SMSPro
88 verbose already installed skipping gulp-less-sourcemap@^1.4.3 d:\work\VSCode\Projects\SMSPro
89 silly install resolved []
90 info build d:\work\VSCode\Projects\SMSPro
91 info linkStuff angular2-quickstart@1.0.0
92 silly linkStuff angular2-quickstart@1.0.0 has d:\work\VSCode\Projects as its parent node_modules
93 verbose linkBins angular2-quickstart@1.0.0
94 verbose linkMans angular2-quickstart@1.0.0
95 verbose rebuildBundles angular2-quickstart@1.0.0
96 verbose rebuildBundles [ '.bin',
96 verbose rebuildBundles   'angular2',
96 verbose rebuildBundles   'bootstrap',
96 verbose rebuildBundles   'concurrently',
96 verbose rebuildBundles   'es6-promise',
96 verbose rebuildBundles   'es6-shim',
96 verbose rebuildBundles   'gulp',
96 verbose rebuildBundles   'gulp-debug',
96 verbose rebuildBundles   'gulp-less',
96 verbose rebuildBundles   'gulp-less-sourcemap',
96 verbose rebuildBundles   'gulp-tsc',
96 verbose rebuildBundles   'gulp-watch',
96 verbose rebuildBundles   'jquery',
96 verbose rebuildBundles   'less',
96 verbose rebuildBundles   'lite-server',
96 verbose rebuildBundles   'reflect-metadata',
96 verbose rebuildBundles   'rxjs',
96 verbose rebuildBundles   'systemjs',
96 verbose rebuildBundles   'tsc',
96 verbose rebuildBundles   'typescript',
96 verbose rebuildBundles   'typings',
96 verbose rebuildBundles   'zone.js' ]
97 verbose rebuild bundle d:\work\VSCode\Projects\SMSPro\node_modules\gulp-tsc
98 info build d:\work\VSCode\Projects\SMSPro\node_modules\gulp-tsc
99 info preinstall gulp-tsc@1.1.5
100 info linkStuff gulp-tsc@1.1.5
101 silly linkStuff gulp-tsc@1.1.5 has d:\work\VSCode\Projects\SMSPro\node_modules as its parent node_modules
102 verbose linkBins gulp-tsc@1.1.5
103 verbose linkMans gulp-tsc@1.1.5
104 verbose rebuildBundles gulp-tsc@1.1.5
105 verbose rebuildBundles [ '.bin',
105 verbose rebuildBundles   'async',
105 verbose rebuildBundles   'byline',
105 verbose rebuildBundles   'gulp-util',
105 verbose rebuildBundles   'lodash',
105 verbose rebuildBundles   'resolve',
105 verbose rebuildBundles   'rimraf',
105 verbose rebuildBundles   'temp',
105 verbose rebuildBundles   'through2',
105 verbose rebuildBundles   'vinyl-fs',
105 verbose rebuildBundles   'which' ]
106 info install gulp-tsc@1.1.5
107 info postinstall gulp-tsc@1.1.5
108 verbose rebuild bundle d:\work\VSCode\Projects\SMSPro\node_modules\tsc
109 info build d:\work\VSCode\Projects\SMSPro\node_modules\tsc
110 info preinstall tsc@1.20150623.0
111 info linkStuff tsc@1.20150623.0
112 silly linkStuff tsc@1.20150623.0 has d:\work\VSCode\Projects\SMSPro\node_modules as its parent node_modules
113 verbose linkBins tsc@1.20150623.0
114 verbose link bins [ { tsc: './bin/tsc', tsserver: './bin/tsserver' },
114 verbose link bins   'd:\\work\\VSCode\\Projects\\SMSPro\\node_modules\\.bin',
114 verbose link bins   false ]
115 verbose linkMans tsc@1.20150623.0
116 verbose rebuildBundles tsc@1.20150623.0
117 info install tsc@1.20150623.0
118 info postinstall tsc@1.20150623.0
119 info install angular2-quickstart@1.0.0
120 info postinstall angular2-quickstart@1.0.0
121 verbose unsafe-perm in lifecycle true
122 info angular2-quickstart@1.0.0 Failed to exec postinstall script
123 verbose stack Error: angular2-quickstart@1.0.0 postinstall: `typings install`
123 verbose stack Exit status 1
123 verbose stack     at EventEmitter.<anonymous> (C:\Program Files\nodejs\node_modules\npm\lib\utils\lifecycle.js:214:16)
123 verbose stack     at emitTwo (events.js:87:13)
123 verbose stack     at EventEmitter.emit (events.js:172:7)
123 verbose stack     at ChildProcess.<anonymous> (C:\Program Files\nodejs\node_modules\npm\lib\utils\spawn.js:24:14)
123 verbose stack     at emitTwo (events.js:87:13)
123 verbose stack     at ChildProcess.emit (events.js:172:7)
123 verbose stack     at maybeClose (internal/child_process.js:821:16)
123 verbose stack     at Process.ChildProcess._handle.onexit (internal/child_process.js:211:5)
124 verbose pkgid angular2-quickstart@1.0.0
125 verbose cwd d:\work\VSCode\Projects\SMSPro
126 error Windows_NT 6.1.7601
127 error argv "C:\\Program Files\\nodejs\\node.exe" "C:\\Program Files\\nodejs\\node_modules\\npm\\bin\\npm-cli.js" "install"
128 error node v4.3.0
129 error npm  v2.14.12
130 error code ELIFECYCLE
131 error angular2-quickstart@1.0.0 postinstall: `typings install`
131 error Exit status 1
132 error Failed at the angular2-quickstart@1.0.0 postinstall script 'typings install'.
132 error This is most likely a problem with the angular2-quickstart package,
132 error not with npm itself.
132 error Tell the author that this fails on your system:
132 error     typings install
132 error You can get their info via:
132 error     npm owner ls angular2-quickstart
132 error There is likely additional logging output above.
133 verbose exit [ 1, true ]
